[0.193s] colcon DEBUG Command line arguments: ['/usr/bin/colcon', 'list', '-n']
[0.193s] colcon DEBUG Parsed command line arguments: Namespace(base_paths=['.'], build_base='build', ignore_user_meta=False, log_base=None, log_level=None, main=<bound method ListVerb.main of <colcon_package_information.verb.list.ListVerb object at 0x7f5b348e62e0>>, metas=['./colcon.meta'], names_only=True, packages_above=None, packages_above_and_dependencies=None, packages_above_depth=None, packages_end=None, packages_ignore=None, packages_ignore_regex=None, packages_select=None, packages_select_build_failed=False, packages_select_by_dep=None, packages_select_regex=None, packages_select_test_failures=False, packages_skip=None, packages_skip_build_finished=False, packages_skip_by_dep=None, packages_skip_regex=None, packages_skip_test_passed=False, packages_skip_up_to=None, packages_start=None, packages_up_to=None, packages_up_to_regex=None, paths=None, paths_only=False, topological_graph=False, topological_graph_density=False, topological_graph_dot=False, topological_graph_dot_cluster=False, topological_graph_dot_include_skipped=False, topological_graph_legend=False, topological_order=False, verb_extension=<colcon_package_information.verb.list.ListVerb object at 0x7f5b348e62e0>, verb_name='list', verb_parser=<colcon_defaults.argument_parser.defaults.DefaultArgumentsDecorator object at 0x7f5b3487c7c0>)
[0.208s] colcon.colcon_core.package_discovery Level 1 discover_packages(colcon_meta) check parameters
[0.208s] colcon.colcon_core.package_discovery Level 1 discover_packages(recursive) check parameters
[0.208s] colcon.colcon_core.package_discovery Level 1 discover_packages(ignore) check parameters
[0.208s] colcon.colcon_core.package_discovery Level 1 discover_packages(path) check parameters
[0.209s] colcon.colcon_core.package_discovery Level 1 discover_packages(colcon_meta) discover
[0.209s] colcon.colcon_core.package_discovery Level 1 discover_packages(recursive) discover
[0.209s] colcon.colcon_core.package_discovery INFO Crawling recursively for packages in '/home/song/rrbot_test_ws/src'
[0.209s] colcon.colcon_core.package_identification Level 1 _identify(.) by extensions ['ignore', 'ignore_ament_install']
[0.209s] colcon.colcon_core.package_identification Level 1 _identify(.) by extension 'ignore'
[0.209s] colcon.colcon_core.package_identification Level 1 _identify(.) by extension 'ignore_ament_install'
[0.209s] colcon.colcon_core.package_identification Level 1 _identify(.) by extensions ['colcon_pkg']
[0.209s] colcon.colcon_core.package_identification Level 1 _identify(.) by extension 'colcon_pkg'
[0.209s] colcon.colcon_core.package_identification Level 1 _identify(.) by extensions ['colcon_meta']
[0.209s] colcon.colcon_core.package_identification Level 1 _identify(.) by extension 'colcon_meta'
[0.209s] colcon.colcon_core.package_identification Level 1 _identify(.) by extensions ['ros']
[0.209s] colcon.colcon_core.package_identification Level 1 _identify(.) by extension 'ros'
[0.217s] colcon.colcon_core.package_identification Level 1 _identify(.) by extensions ['cmake', 'python']
[0.217s] colcon.colcon_core.package_identification Level 1 _identify(.) by extension 'cmake'
[0.217s] colcon.colcon_core.package_identification Level 1 _identify(.) by extension 'python'
[0.217s] colcon.colcon_core.package_identification Level 1 _identify(.) by extensions ['python_setup_py']
[0.217s] colcon.colcon_core.package_identification Level 1 _identify(.) by extension 'python_setup_py'
[0.217s] colcon.colcon_core.package_identification Level 1 _identify(log) by extensions ['ignore', 'ignore_ament_install']
[0.217s] colcon.colcon_core.package_identification Level 1 _identify(log) by extension 'ignore'
[0.217s] colcon.colcon_core.package_identification Level 1 _identify(log) ignored
[0.217s] colcon.colcon_core.package_identification Level 1 _identify(ros2_control) by extensions ['ignore', 'ignore_ament_install']
[0.217s] colcon.colcon_core.package_identification Level 1 _identify(ros2_control) by extension 'ignore'
[0.217s] colcon.colcon_core.package_identification Level 1 _identify(ros2_control) by extension 'ignore_ament_install'
[0.218s] colcon.colcon_core.package_identification Level 1 _identify(ros2_control) by extensions ['colcon_pkg']
[0.218s] colcon.colcon_core.package_identification Level 1 _identify(ros2_control) by extension 'colcon_pkg'
[0.218s] colcon.colcon_core.package_identification Level 1 _identify(ros2_control) by extensions ['colcon_meta']
[0.218s] colcon.colcon_core.package_identification Level 1 _identify(ros2_control) by extension 'colcon_meta'
[0.218s] colcon.colcon_core.package_identification Level 1 _identify(ros2_control) by extensions ['ros']
[0.218s] colcon.colcon_core.package_identification Level 1 _identify(ros2_control) by extension 'ros'
[0.218s] colcon.colcon_core.package_identification Level 1 _identify(ros2_control) by extensions ['cmake', 'python']
[0.218s] colcon.colcon_core.package_identification Level 1 _identify(ros2_control) by extension 'cmake'
[0.218s] colcon.colcon_core.package_identification Level 1 _identify(ros2_control) by extension 'python'
[0.218s] colcon.colcon_core.package_identification Level 1 _identify(ros2_control) by extensions ['python_setup_py']
[0.218s] colcon.colcon_core.package_identification Level 1 _identify(ros2_control) by extension 'python_setup_py'
[0.218s] colcon.colcon_core.package_identification Level 1 _identify(ros2_control/controller_interface) by extensions ['ignore', 'ignore_ament_install']
[0.218s] colcon.colcon_core.package_identification Level 1 _identify(ros2_control/controller_interface) by extension 'ignore'
[0.218s] colcon.colcon_core.package_identification Level 1 _identify(ros2_control/controller_interface) by extension 'ignore_ament_install'
[0.218s] colcon.colcon_core.package_identification Level 1 _identify(ros2_control/controller_interface) by extensions ['colcon_pkg']
[0.218s] colcon.colcon_core.package_identification Level 1 _identify(ros2_control/controller_interface) by extension 'colcon_pkg'
[0.218s] colcon.colcon_core.package_identification Level 1 _identify(ros2_control/controller_interface) by extensions ['colcon_meta']
[0.218s] colcon.colcon_core.package_identification Level 1 _identify(ros2_control/controller_interface) by extension 'colcon_meta'
[0.218s] colcon.colcon_core.package_identification Level 1 _identify(ros2_control/controller_interface) by extensions ['ros']
[0.218s] colcon.colcon_core.package_identification Level 1 _identify(ros2_control/controller_interface) by extension 'ros'
[0.221s] colcon.colcon_core.package_identification DEBUG Package 'ros2_control/controller_interface' with type 'ros.ament_cmake' and name 'controller_interface'
[0.221s] colcon.colcon_core.package_identification Level 1 _identify(ros2_control/controller_manager) by extensions ['ignore', 'ignore_ament_install']
[0.221s] colcon.colcon_core.package_identification Level 1 _identify(ros2_control/controller_manager) by extension 'ignore'
[0.221s] colcon.colcon_core.package_identification Level 1 _identify(ros2_control/controller_manager) by extension 'ignore_ament_install'
[0.221s] colcon.colcon_core.package_identification Level 1 _identify(ros2_control/controller_manager) by extensions ['colcon_pkg']
[0.221s] colcon.colcon_core.package_identification Level 1 _identify(ros2_control/controller_manager) by extension 'colcon_pkg'
[0.221s] colcon.colcon_core.package_identification Level 1 _identify(ros2_control/controller_manager) by extensions ['colcon_meta']
[0.221s] colcon.colcon_core.package_identification Level 1 _identify(ros2_control/controller_manager) by extension 'colcon_meta'
[0.221s] colcon.colcon_core.package_identification Level 1 _identify(ros2_control/controller_manager) by extensions ['ros']
[0.221s] colcon.colcon_core.package_identification Level 1 _identify(ros2_control/controller_manager) by extension 'ros'
[0.222s] colcon.colcon_core.package_identification DEBUG Package 'ros2_control/controller_manager' with type 'ros.ament_cmake' and name 'controller_manager'
[0.222s] colcon.colcon_core.package_identification Level 1 _identify(ros2_control/controller_manager_msgs) by extensions ['ignore', 'ignore_ament_install']
[0.222s] colcon.colcon_core.package_identification Level 1 _identify(ros2_control/controller_manager_msgs) by extension 'ignore'
[0.223s] colcon.colcon_core.package_identification Level 1 _identify(ros2_control/controller_manager_msgs) by extension 'ignore_ament_install'
[0.223s] colcon.colcon_core.package_identification Level 1 _identify(ros2_control/controller_manager_msgs) by extensions ['colcon_pkg']
[0.223s] colcon.colcon_core.package_identification Level 1 _identify(ros2_control/controller_manager_msgs) by extension 'colcon_pkg'
[0.223s] colcon.colcon_core.package_identification Level 1 _identify(ros2_control/controller_manager_msgs) by extensions ['colcon_meta']
[0.223s] colcon.colcon_core.package_identification Level 1 _identify(ros2_control/controller_manager_msgs) by extension 'colcon_meta'
[0.223s] colcon.colcon_core.package_identification Level 1 _identify(ros2_control/controller_manager_msgs) by extensions ['ros']
[0.223s] colcon.colcon_core.package_identification Level 1 _identify(ros2_control/controller_manager_msgs) by extension 'ros'
[0.223s] colcon.colcon_core.package_identification DEBUG Package 'ros2_control/controller_manager_msgs' with type 'ros.ament_cmake' and name 'controller_manager_msgs'
[0.223s] colcon.colcon_core.package_identification Level 1 _identify(ros2_control/doc) by extensions ['ignore', 'ignore_ament_install']
[0.223s] colcon.colcon_core.package_identification Level 1 _identify(ros2_control/doc) by extension 'ignore'
[0.223s] colcon.colcon_core.package_identification Level 1 _identify(ros2_control/doc) by extension 'ignore_ament_install'
[0.223s] colcon.colcon_core.package_identification Level 1 _identify(ros2_control/doc) by extensions ['colcon_pkg']
[0.223s] colcon.colcon_core.package_identification Level 1 _identify(ros2_control/doc) by extension 'colcon_pkg'
[0.223s] colcon.colcon_core.package_identification Level 1 _identify(ros2_control/doc) by extensions ['colcon_meta']
[0.223s] colcon.colcon_core.package_identification Level 1 _identify(ros2_control/doc) by extension 'colcon_meta'
[0.223s] colcon.colcon_core.package_identification Level 1 _identify(ros2_control/doc) by extensions ['ros']
[0.223s] colcon.colcon_core.package_identification Level 1 _identify(ros2_control/doc) by extension 'ros'
[0.223s] colcon.colcon_core.package_identification Level 1 _identify(ros2_control/doc) by extensions ['cmake', 'python']
[0.223s] colcon.colcon_core.package_identification Level 1 _identify(ros2_control/doc) by extension 'cmake'
[0.224s] colcon.colcon_core.package_identification Level 1 _identify(ros2_control/doc) by extension 'python'
[0.224s] colcon.colcon_core.package_identification Level 1 _identify(ros2_control/doc) by extensions ['python_setup_py']
[0.224s] colcon.colcon_core.package_identification Level 1 _identify(ros2_control/doc) by extension 'python_setup_py'
[0.224s] colcon.colcon_core.package_identification Level 1 _identify(ros2_control/hardware_interface) by extensions ['ignore', 'ignore_ament_install']
[0.224s] colcon.colcon_core.package_identification Level 1 _identify(ros2_control/hardware_interface) by extension 'ignore'
[0.224s] colcon.colcon_core.package_identification Level 1 _identify(ros2_control/hardware_interface) by extension 'ignore_ament_install'
[0.224s] colcon.colcon_core.package_identification Level 1 _identify(ros2_control/hardware_interface) by extensions ['colcon_pkg']
[0.224s] colcon.colcon_core.package_identification Level 1 _identify(ros2_control/hardware_interface) by extension 'colcon_pkg'
[0.224s] colcon.colcon_core.package_identification Level 1 _identify(ros2_control/hardware_interface) by extensions ['colcon_meta']
[0.224s] colcon.colcon_core.package_identification Level 1 _identify(ros2_control/hardware_interface) by extension 'colcon_meta'
[0.224s] colcon.colcon_core.package_identification Level 1 _identify(ros2_control/hardware_interface) by extensions ['ros']
[0.224s] colcon.colcon_core.package_identification Level 1 _identify(ros2_control/hardware_interface) by extension 'ros'
[0.224s] colcon.colcon_core.package_identification DEBUG Package 'ros2_control/hardware_interface' with type 'ros.ament_cmake' and name 'hardware_interface'
[0.225s] colcon.colcon_core.package_identification Level 1 _identify(ros2_control/joint_limits_interface) by extensions ['ignore', 'ignore_ament_install']
[0.225s] colcon.colcon_core.package_identification Level 1 _identify(ros2_control/joint_limits_interface) by extension 'ignore'
[0.225s] colcon.colcon_core.package_identification Level 1 _identify(ros2_control/joint_limits_interface) ignored
[0.225s] colcon.colcon_core.package_identification Level 1 _identify(ros2_control/ros2_control) by extensions ['ignore', 'ignore_ament_install']
[0.225s] colcon.colcon_core.package_identification Level 1 _identify(ros2_control/ros2_control) by extension 'ignore'
[0.225s] colcon.colcon_core.package_identification Level 1 _identify(ros2_control/ros2_control) by extension 'ignore_ament_install'
[0.225s] colcon.colcon_core.package_identification Level 1 _identify(ros2_control/ros2_control) by extensions ['colcon_pkg']
[0.225s] colcon.colcon_core.package_identification Level 1 _identify(ros2_control/ros2_control) by extension 'colcon_pkg'
[0.225s] colcon.colcon_core.package_identification Level 1 _identify(ros2_control/ros2_control) by extensions ['colcon_meta']
[0.225s] colcon.colcon_core.package_identification Level 1 _identify(ros2_control/ros2_control) by extension 'colcon_meta'
[0.225s] colcon.colcon_core.package_identification Level 1 _identify(ros2_control/ros2_control) by extensions ['ros']
[0.225s] colcon.colcon_core.package_identification Level 1 _identify(ros2_control/ros2_control) by extension 'ros'
[0.225s] colcon.colcon_core.package_identification DEBUG Package 'ros2_control/ros2_control' with type 'ros.ament_cmake' and name 'ros2_control'
[0.225s] colcon.colcon_core.package_identification Level 1 _identify(ros2_control/ros2_control_test_assets) by extensions ['ignore', 'ignore_ament_install']
[0.225s] colcon.colcon_core.package_identification Level 1 _identify(ros2_control/ros2_control_test_assets) by extension 'ignore'
[0.225s] colcon.colcon_core.package_identification Level 1 _identify(ros2_control/ros2_control_test_assets) by extension 'ignore_ament_install'
[0.226s] colcon.colcon_core.package_identification Level 1 _identify(ros2_control/ros2_control_test_assets) by extensions ['colcon_pkg']
[0.226s] colcon.colcon_core.package_identification Level 1 _identify(ros2_control/ros2_control_test_assets) by extension 'colcon_pkg'
[0.226s] colcon.colcon_core.package_identification Level 1 _identify(ros2_control/ros2_control_test_assets) by extensions ['colcon_meta']
[0.226s] colcon.colcon_core.package_identification Level 1 _identify(ros2_control/ros2_control_test_assets) by extension 'colcon_meta'
[0.226s] colcon.colcon_core.package_identification Level 1 _identify(ros2_control/ros2_control_test_assets) by extensions ['ros']
[0.226s] colcon.colcon_core.package_identification Level 1 _identify(ros2_control/ros2_control_test_assets) by extension 'ros'
[0.226s] colcon.colcon_core.package_identification DEBUG Package 'ros2_control/ros2_control_test_assets' with type 'ros.ament_cmake' and name 'ros2_control_test_assets'
[0.226s] colcon.colcon_core.package_identification Level 1 _identify(ros2_control/ros2controlcli) by extensions ['ignore', 'ignore_ament_install']
[0.226s] colcon.colcon_core.package_identification Level 1 _identify(ros2_control/ros2controlcli) by extension 'ignore'
[0.226s] colcon.colcon_core.package_identification Level 1 _identify(ros2_control/ros2controlcli) by extension 'ignore_ament_install'
[0.226s] colcon.colcon_core.package_identification Level 1 _identify(ros2_control/ros2controlcli) by extensions ['colcon_pkg']
[0.226s] colcon.colcon_core.package_identification Level 1 _identify(ros2_control/ros2controlcli) by extension 'colcon_pkg'
[0.226s] colcon.colcon_core.package_identification Level 1 _identify(ros2_control/ros2controlcli) by extensions ['colcon_meta']
[0.226s] colcon.colcon_core.package_identification Level 1 _identify(ros2_control/ros2controlcli) by extension 'colcon_meta'
[0.226s] colcon.colcon_core.package_identification Level 1 _identify(ros2_control/ros2controlcli) by extensions ['ros']
[0.226s] colcon.colcon_core.package_identification Level 1 _identify(ros2_control/ros2controlcli) by extension 'ros'
[0.227s] colcon.colcon_core.package_identification DEBUG Package 'ros2_control/ros2controlcli' with type 'ros.ament_python' and name 'ros2controlcli'
[0.227s] colcon.colcon_core.package_identification Level 1 _identify(ros2_control/transmission_interface) by extensions ['ignore', 'ignore_ament_install']
[0.227s] colcon.colcon_core.package_identification Level 1 _identify(ros2_control/transmission_interface) by extension 'ignore'
[0.227s] colcon.colcon_core.package_identification Level 1 _identify(ros2_control/transmission_interface) by extension 'ignore_ament_install'
[0.228s] colcon.colcon_core.package_identification Level 1 _identify(ros2_control/transmission_interface) by extensions ['colcon_pkg']
[0.228s] colcon.colcon_core.package_identification Level 1 _identify(ros2_control/transmission_interface) by extension 'colcon_pkg'
[0.228s] colcon.colcon_core.package_identification Level 1 _identify(ros2_control/transmission_interface) by extensions ['colcon_meta']
[0.228s] colcon.colcon_core.package_identification Level 1 _identify(ros2_control/transmission_interface) by extension 'colcon_meta'
[0.228s] colcon.colcon_core.package_identification Level 1 _identify(ros2_control/transmission_interface) by extensions ['ros']
[0.228s] colcon.colcon_core.package_identification Level 1 _identify(ros2_control/transmission_interface) by extension 'ros'
[0.228s] colcon.colcon_core.package_identification DEBUG Package 'ros2_control/transmission_interface' with type 'ros.ament_cmake' and name 'transmission_interface'
[0.228s] colcon.colcon_core.package_identification Level 1 _identify(ros2_control_demos) by extensions ['ignore', 'ignore_ament_install']
[0.228s] colcon.colcon_core.package_identification Level 1 _identify(ros2_control_demos) by extension 'ignore'
[0.228s] colcon.colcon_core.package_identification Level 1 _identify(ros2_control_demos) by extension 'ignore_ament_install'
[0.228s] colcon.colcon_core.package_identification Level 1 _identify(ros2_control_demos) by extensions ['colcon_pkg']
[0.228s] colcon.colcon_core.package_identification Level 1 _identify(ros2_control_demos) by extension 'colcon_pkg'
[0.228s] colcon.colcon_core.package_identification Level 1 _identify(ros2_control_demos) by extensions ['colcon_meta']
[0.228s] colcon.colcon_core.package_identification Level 1 _identify(ros2_control_demos) by extension 'colcon_meta'
[0.229s] colcon.colcon_core.package_identification Level 1 _identify(ros2_control_demos) by extensions ['ros']
[0.229s] colcon.colcon_core.package_identification Level 1 _identify(ros2_control_demos) by extension 'ros'
[0.229s] colcon.colcon_core.package_identification Level 1 _identify(ros2_control_demos) by extensions ['cmake', 'python']
[0.229s] colcon.colcon_core.package_identification Level 1 _identify(ros2_control_demos) by extension 'cmake'
[0.229s] colcon.colcon_core.package_identification Level 1 _identify(ros2_control_demos) by extension 'python'
[0.229s] colcon.colcon_core.package_identification Level 1 _identify(ros2_control_demos) by extensions ['python_setup_py']
[0.229s] colcon.colcon_core.package_identification Level 1 _identify(ros2_control_demos) by extension 'python_setup_py'
[0.229s] colcon.colcon_core.package_identification Level 1 _identify(ros2_control_demos/doc) by extensions ['ignore', 'ignore_ament_install']
[0.229s] colcon.colcon_core.package_identification Level 1 _identify(ros2_control_demos/doc) by extension 'ignore'
[0.229s] colcon.colcon_core.package_identification Level 1 _identify(ros2_control_demos/doc) by extension 'ignore_ament_install'
[0.229s] colcon.colcon_core.package_identification Level 1 _identify(ros2_control_demos/doc) by extensions ['colcon_pkg']
[0.229s] colcon.colcon_core.package_identification Level 1 _identify(ros2_control_demos/doc) by extension 'colcon_pkg'
[0.229s] colcon.colcon_core.package_identification Level 1 _identify(ros2_control_demos/doc) by extensions ['colcon_meta']
[0.229s] colcon.colcon_core.package_identification Level 1 _identify(ros2_control_demos/doc) by extension 'colcon_meta'
[0.229s] colcon.colcon_core.package_identification Level 1 _identify(ros2_control_demos/doc) by extensions ['ros']
[0.229s] colcon.colcon_core.package_identification Level 1 _identify(ros2_control_demos/doc) by extension 'ros'
[0.229s] colcon.colcon_core.package_identification Level 1 _identify(ros2_control_demos/doc) by extensions ['cmake', 'python']
[0.229s] colcon.colcon_core.package_identification Level 1 _identify(ros2_control_demos/doc) by extension 'cmake'
[0.229s] colcon.colcon_core.package_identification Level 1 _identify(ros2_control_demos/doc) by extension 'python'
[0.229s] colcon.colcon_core.package_identification Level 1 _identify(ros2_control_demos/doc) by extensions ['python_setup_py']
[0.229s] colcon.colcon_core.package_identification Level 1 _identify(ros2_control_demos/doc) by extension 'python_setup_py'
[0.229s] colcon.colcon_core.package_identification Level 1 _identify(ros2_control_demos/ros2_control_demo_bringup) by extensions ['ignore', 'ignore_ament_install']
[0.230s] colcon.colcon_core.package_identification Level 1 _identify(ros2_control_demos/ros2_control_demo_bringup) by extension 'ignore'
[0.230s] colcon.colcon_core.package_identification Level 1 _identify(ros2_control_demos/ros2_control_demo_bringup) by extension 'ignore_ament_install'
[0.230s] colcon.colcon_core.package_identification Level 1 _identify(ros2_control_demos/ros2_control_demo_bringup) by extensions ['colcon_pkg']
[0.230s] colcon.colcon_core.package_identification Level 1 _identify(ros2_control_demos/ros2_control_demo_bringup) by extension 'colcon_pkg'
[0.230s] colcon.colcon_core.package_identification Level 1 _identify(ros2_control_demos/ros2_control_demo_bringup) by extensions ['colcon_meta']
[0.230s] colcon.colcon_core.package_identification Level 1 _identify(ros2_control_demos/ros2_control_demo_bringup) by extension 'colcon_meta'
[0.230s] colcon.colcon_core.package_identification Level 1 _identify(ros2_control_demos/ros2_control_demo_bringup) by extensions ['ros']
[0.230s] colcon.colcon_core.package_identification Level 1 _identify(ros2_control_demos/ros2_control_demo_bringup) by extension 'ros'
[0.230s] colcon.colcon_core.package_identification DEBUG Package 'ros2_control_demos/ros2_control_demo_bringup' with type 'ros.ament_cmake' and name 'ros2_control_demo_bringup'
[0.230s] colcon.colcon_core.package_identification Level 1 _identify(ros2_control_demos/ros2_control_demo_description) by extensions ['ignore', 'ignore_ament_install']
[0.230s] colcon.colcon_core.package_identification Level 1 _identify(ros2_control_demos/ros2_control_demo_description) by extension 'ignore'
[0.230s] colcon.colcon_core.package_identification Level 1 _identify(ros2_control_demos/ros2_control_demo_description) by extension 'ignore_ament_install'
[0.231s] colcon.colcon_core.package_identification Level 1 _identify(ros2_control_demos/ros2_control_demo_description) by extensions ['colcon_pkg']
[0.231s] colcon.colcon_core.package_identification Level 1 _identify(ros2_control_demos/ros2_control_demo_description) by extension 'colcon_pkg'
[0.231s] colcon.colcon_core.package_identification Level 1 _identify(ros2_control_demos/ros2_control_demo_description) by extensions ['colcon_meta']
[0.231s] colcon.colcon_core.package_identification Level 1 _identify(ros2_control_demos/ros2_control_demo_description) by extension 'colcon_meta'
[0.231s] colcon.colcon_core.package_identification Level 1 _identify(ros2_control_demos/ros2_control_demo_description) by extensions ['ros']
[0.231s] colcon.colcon_core.package_identification Level 1 _identify(ros2_control_demos/ros2_control_demo_description) by extension 'ros'
[0.231s] colcon.colcon_core.package_identification Level 1 _identify(ros2_control_demos/ros2_control_demo_description) by extensions ['cmake', 'python']
[0.231s] colcon.colcon_core.package_identification Level 1 _identify(ros2_control_demos/ros2_control_demo_description) by extension 'cmake'
[0.231s] colcon.colcon_core.package_identification Level 1 _identify(ros2_control_demos/ros2_control_demo_description) by extension 'python'
[0.231s] colcon.colcon_core.package_identification Level 1 _identify(ros2_control_demos/ros2_control_demo_description) by extensions ['python_setup_py']
[0.231s] colcon.colcon_core.package_identification Level 1 _identify(ros2_control_demos/ros2_control_demo_description) by extension 'python_setup_py'
[0.231s] colcon.colcon_core.package_identification Level 1 _identify(ros2_control_demos/ros2_control_demo_description/diffbot_description) by extensions ['ignore', 'ignore_ament_install']
[0.231s] colcon.colcon_core.package_identification Level 1 _identify(ros2_control_demos/ros2_control_demo_description/diffbot_description) by extension 'ignore'
[0.231s] colcon.colcon_core.package_identification Level 1 _identify(ros2_control_demos/ros2_control_demo_description/diffbot_description) by extension 'ignore_ament_install'
[0.231s] colcon.colcon_core.package_identification Level 1 _identify(ros2_control_demos/ros2_control_demo_description/diffbot_description) by extensions ['colcon_pkg']
[0.231s] colcon.colcon_core.package_identification Level 1 _identify(ros2_control_demos/ros2_control_demo_description/diffbot_description) by extension 'colcon_pkg'
[0.231s] colcon.colcon_core.package_identification Level 1 _identify(ros2_control_demos/ros2_control_demo_description/diffbot_description) by extensions ['colcon_meta']
[0.231s] colcon.colcon_core.package_identification Level 1 _identify(ros2_control_demos/ros2_control_demo_description/diffbot_description) by extension 'colcon_meta'
[0.231s] colcon.colcon_core.package_identification Level 1 _identify(ros2_control_demos/ros2_control_demo_description/diffbot_description) by extensions ['ros']
[0.231s] colcon.colcon_core.package_identification Level 1 _identify(ros2_control_demos/ros2_control_demo_description/diffbot_description) by extension 'ros'
[0.231s] colcon.colcon_core.package_identification DEBUG Package 'ros2_control_demos/ros2_control_demo_description/diffbot_description' with type 'ros.ament_cmake' and name 'diffbot_description'
[0.232s] colcon.colcon_core.package_identification Level 1 _identify(ros2_control_demos/ros2_control_demo_description/rrbot_description) by extensions ['ignore', 'ignore_ament_install']
[0.232s] colcon.colcon_core.package_identification Level 1 _identify(ros2_control_demos/ros2_control_demo_description/rrbot_description) by extension 'ignore'
[0.232s] colcon.colcon_core.package_identification Level 1 _identify(ros2_control_demos/ros2_control_demo_description/rrbot_description) by extension 'ignore_ament_install'
[0.232s] colcon.colcon_core.package_identification Level 1 _identify(ros2_control_demos/ros2_control_demo_description/rrbot_description) by extensions ['colcon_pkg']
[0.232s] colcon.colcon_core.package_identification Level 1 _identify(ros2_control_demos/ros2_control_demo_description/rrbot_description) by extension 'colcon_pkg'
[0.232s] colcon.colcon_core.package_identification Level 1 _identify(ros2_control_demos/ros2_control_demo_description/rrbot_description) by extensions ['colcon_meta']
[0.232s] colcon.colcon_core.package_identification Level 1 _identify(ros2_control_demos/ros2_control_demo_description/rrbot_description) by extension 'colcon_meta'
[0.232s] colcon.colcon_core.package_identification Level 1 _identify(ros2_control_demos/ros2_control_demo_description/rrbot_description) by extensions ['ros']
[0.232s] colcon.colcon_core.package_identification Level 1 _identify(ros2_control_demos/ros2_control_demo_description/rrbot_description) by extension 'ros'
[0.232s] colcon.colcon_core.package_identification DEBUG Package 'ros2_control_demos/ros2_control_demo_description/rrbot_description' with type 'ros.ament_cmake' and name 'rrbot_description'
[0.232s] colcon.colcon_core.package_identification Level 1 _identify(ros2_control_demos/ros2_control_demo_hardware) by extensions ['ignore', 'ignore_ament_install']
[0.232s] colcon.colcon_core.package_identification Level 1 _identify(ros2_control_demos/ros2_control_demo_hardware) by extension 'ignore'
[0.232s] colcon.colcon_core.package_identification Level 1 _identify(ros2_control_demos/ros2_control_demo_hardware) by extension 'ignore_ament_install'
[0.232s] colcon.colcon_core.package_identification Level 1 _identify(ros2_control_demos/ros2_control_demo_hardware) by extensions ['colcon_pkg']
[0.232s] colcon.colcon_core.package_identification Level 1 _identify(ros2_control_demos/ros2_control_demo_hardware) by extension 'colcon_pkg'
[0.232s] colcon.colcon_core.package_identification Level 1 _identify(ros2_control_demos/ros2_control_demo_hardware) by extensions ['colcon_meta']
[0.232s] colcon.colcon_core.package_identification Level 1 _identify(ros2_control_demos/ros2_control_demo_hardware) by extension 'colcon_meta'
[0.232s] colcon.colcon_core.package_identification Level 1 _identify(ros2_control_demos/ros2_control_demo_hardware) by extensions ['ros']
[0.232s] colcon.colcon_core.package_identification Level 1 _identify(ros2_control_demos/ros2_control_demo_hardware) by extension 'ros'
[0.233s] colcon.colcon_core.package_identification DEBUG Package 'ros2_control_demos/ros2_control_demo_hardware' with type 'ros.ament_cmake' and name 'ros2_control_demo_hardware'
[0.233s] colcon.colcon_core.package_identification Level 1 _identify(ros2_control_demos/ros2_control_demos) by extensions ['ignore', 'ignore_ament_install']
[0.233s] colcon.colcon_core.package_identification Level 1 _identify(ros2_control_demos/ros2_control_demos) by extension 'ignore'
[0.233s] colcon.colcon_core.package_identification Level 1 _identify(ros2_control_demos/ros2_control_demos) by extension 'ignore_ament_install'
[0.233s] colcon.colcon_core.package_identification Level 1 _identify(ros2_control_demos/ros2_control_demos) by extensions ['colcon_pkg']
[0.233s] colcon.colcon_core.package_identification Level 1 _identify(ros2_control_demos/ros2_control_demos) by extension 'colcon_pkg'
[0.233s] colcon.colcon_core.package_identification Level 1 _identify(ros2_control_demos/ros2_control_demos) by extensions ['colcon_meta']
[0.233s] colcon.colcon_core.package_identification Level 1 _identify(ros2_control_demos/ros2_control_demos) by extension 'colcon_meta'
[0.233s] colcon.colcon_core.package_identification Level 1 _identify(ros2_control_demos/ros2_control_demos) by extensions ['ros']
[0.233s] colcon.colcon_core.package_identification Level 1 _identify(ros2_control_demos/ros2_control_demos) by extension 'ros'
[0.233s] colcon.colcon_core.package_identification DEBUG Package 'ros2_control_demos/ros2_control_demos' with type 'ros.ament_cmake' and name 'ros2_control_demos'
[0.234s] colcon.colcon_core.package_identification Level 1 _identify(ros2_control_demos/ros2_control_test_nodes) by extensions ['ignore', 'ignore_ament_install']
[0.234s] colcon.colcon_core.package_identification Level 1 _identify(ros2_control_demos/ros2_control_test_nodes) by extension 'ignore'
[0.234s] colcon.colcon_core.package_identification Level 1 _identify(ros2_control_demos/ros2_control_test_nodes) by extension 'ignore_ament_install'
[0.234s] colcon.colcon_core.package_identification Level 1 _identify(ros2_control_demos/ros2_control_test_nodes) by extensions ['colcon_pkg']
[0.234s] colcon.colcon_core.package_identification Level 1 _identify(ros2_control_demos/ros2_control_test_nodes) by extension 'colcon_pkg'
[0.234s] colcon.colcon_core.package_identification Level 1 _identify(ros2_control_demos/ros2_control_test_nodes) by extensions ['colcon_meta']
[0.234s] colcon.colcon_core.package_identification Level 1 _identify(ros2_control_demos/ros2_control_test_nodes) by extension 'colcon_meta'
[0.234s] colcon.colcon_core.package_identification Level 1 _identify(ros2_control_demos/ros2_control_test_nodes) by extensions ['ros']
[0.234s] colcon.colcon_core.package_identification Level 1 _identify(ros2_control_demos/ros2_control_test_nodes) by extension 'ros'
[0.234s] colcon.colcon_core.package_identification DEBUG Package 'ros2_control_demos/ros2_control_test_nodes' with type 'ros.ament_python' and name 'ros2_control_test_nodes'
[0.234s] colcon.colcon_core.package_identification Level 1 _identify(ros2_controllers) by extensions ['ignore', 'ignore_ament_install']
[0.235s] colcon.colcon_core.package_identification Level 1 _identify(ros2_controllers) by extension 'ignore'
[0.235s] colcon.colcon_core.package_identification Level 1 _identify(ros2_controllers) by extension 'ignore_ament_install'
[0.235s] colcon.colcon_core.package_identification Level 1 _identify(ros2_controllers) by extensions ['colcon_pkg']
[0.235s] colcon.colcon_core.package_identification Level 1 _identify(ros2_controllers) by extension 'colcon_pkg'
[0.235s] colcon.colcon_core.package_identification Level 1 _identify(ros2_controllers) by extensions ['colcon_meta']
[0.235s] colcon.colcon_core.package_identification Level 1 _identify(ros2_controllers) by extension 'colcon_meta'
[0.235s] colcon.colcon_core.package_identification Level 1 _identify(ros2_controllers) by extensions ['ros']
[0.235s] colcon.colcon_core.package_identification Level 1 _identify(ros2_controllers) by extension 'ros'
[0.235s] colcon.colcon_core.package_identification Level 1 _identify(ros2_controllers) by extensions ['cmake', 'python']
[0.235s] colcon.colcon_core.package_identification Level 1 _identify(ros2_controllers) by extension 'cmake'
[0.235s] colcon.colcon_core.package_identification Level 1 _identify(ros2_controllers) by extension 'python'
[0.235s] colcon.colcon_core.package_identification Level 1 _identify(ros2_controllers) by extensions ['python_setup_py']
[0.235s] colcon.colcon_core.package_identification Level 1 _identify(ros2_controllers) by extension 'python_setup_py'
[0.235s] colcon.colcon_core.package_identification Level 1 _identify(ros2_controllers/diff_drive_controller) by extensions ['ignore', 'ignore_ament_install']
[0.235s] colcon.colcon_core.package_identification Level 1 _identify(ros2_controllers/diff_drive_controller) by extension 'ignore'
[0.235s] colcon.colcon_core.package_identification Level 1 _identify(ros2_controllers/diff_drive_controller) by extension 'ignore_ament_install'
[0.235s] colcon.colcon_core.package_identification Level 1 _identify(ros2_controllers/diff_drive_controller) by extensions ['colcon_pkg']
[0.235s] colcon.colcon_core.package_identification Level 1 _identify(ros2_controllers/diff_drive_controller) by extension 'colcon_pkg'
[0.235s] colcon.colcon_core.package_identification Level 1 _identify(ros2_controllers/diff_drive_controller) by extensions ['colcon_meta']
[0.235s] colcon.colcon_core.package_identification Level 1 _identify(ros2_controllers/diff_drive_controller) by extension 'colcon_meta'
[0.235s] colcon.colcon_core.package_identification Level 1 _identify(ros2_controllers/diff_drive_controller) by extensions ['ros']
[0.235s] colcon.colcon_core.package_identification Level 1 _identify(ros2_controllers/diff_drive_controller) by extension 'ros'
[0.236s] colcon.colcon_core.package_identification DEBUG Package 'ros2_controllers/diff_drive_controller' with type 'ros.ament_cmake' and name 'diff_drive_controller'
[0.236s] colcon.colcon_core.package_identification Level 1 _identify(ros2_controllers/doc) by extensions ['ignore', 'ignore_ament_install']
[0.236s] colcon.colcon_core.package_identification Level 1 _identify(ros2_controllers/doc) by extension 'ignore'
[0.236s] colcon.colcon_core.package_identification Level 1 _identify(ros2_controllers/doc) by extension 'ignore_ament_install'
[0.236s] colcon.colcon_core.package_identification Level 1 _identify(ros2_controllers/doc) by extensions ['colcon_pkg']
[0.236s] colcon.colcon_core.package_identification Level 1 _identify(ros2_controllers/doc) by extension 'colcon_pkg'
[0.236s] colcon.colcon_core.package_identification Level 1 _identify(ros2_controllers/doc) by extensions ['colcon_meta']
[0.236s] colcon.colcon_core.package_identification Level 1 _identify(ros2_controllers/doc) by extension 'colcon_meta'
[0.236s] colcon.colcon_core.package_identification Level 1 _identify(ros2_controllers/doc) by extensions ['ros']
[0.236s] colcon.colcon_core.package_identification Level 1 _identify(ros2_controllers/doc) by extension 'ros'
[0.236s] colcon.colcon_core.package_identification Level 1 _identify(ros2_controllers/doc) by extensions ['cmake', 'python']
[0.237s] colcon.colcon_core.package_identification Level 1 _identify(ros2_controllers/doc) by extension 'cmake'
[0.237s] colcon.colcon_core.package_identification Level 1 _identify(ros2_controllers/doc) by extension 'python'
[0.237s] colcon.colcon_core.package_identification Level 1 _identify(ros2_controllers/doc) by extensions ['python_setup_py']
[0.237s] colcon.colcon_core.package_identification Level 1 _identify(ros2_controllers/doc) by extension 'python_setup_py'
[0.237s] colcon.colcon_core.package_identification Level 1 _identify(ros2_controllers/effort_controllers) by extensions ['ignore', 'ignore_ament_install']
[0.237s] colcon.colcon_core.package_identification Level 1 _identify(ros2_controllers/effort_controllers) by extension 'ignore'
[0.237s] colcon.colcon_core.package_identification Level 1 _identify(ros2_controllers/effort_controllers) by extension 'ignore_ament_install'
[0.237s] colcon.colcon_core.package_identification Level 1 _identify(ros2_controllers/effort_controllers) by extensions ['colcon_pkg']
[0.237s] colcon.colcon_core.package_identification Level 1 _identify(ros2_controllers/effort_controllers) by extension 'colcon_pkg'
[0.237s] colcon.colcon_core.package_identification Level 1 _identify(ros2_controllers/effort_controllers) by extensions ['colcon_meta']
[0.237s] colcon.colcon_core.package_identification Level 1 _identify(ros2_controllers/effort_controllers) by extension 'colcon_meta'
[0.237s] colcon.colcon_core.package_identification Level 1 _identify(ros2_controllers/effort_controllers) by extensions ['ros']
[0.237s] colcon.colcon_core.package_identification Level 1 _identify(ros2_controllers/effort_controllers) by extension 'ros'
[0.237s] colcon.colcon_core.package_identification DEBUG Package 'ros2_controllers/effort_controllers' with type 'ros.ament_cmake' and name 'effort_controllers'
[0.237s] colcon.colcon_core.package_identification Level 1 _identify(ros2_controllers/force_torque_sensor_broadcaster) by extensions ['ignore', 'ignore_ament_install']
[0.238s] colcon.colcon_core.package_identification Level 1 _identify(ros2_controllers/force_torque_sensor_broadcaster) by extension 'ignore'
[0.238s] colcon.colcon_core.package_identification Level 1 _identify(ros2_controllers/force_torque_sensor_broadcaster) by extension 'ignore_ament_install'
[0.238s] colcon.colcon_core.package_identification Level 1 _identify(ros2_controllers/force_torque_sensor_broadcaster) by extensions ['colcon_pkg']
[0.238s] colcon.colcon_core.package_identification Level 1 _identify(ros2_controllers/force_torque_sensor_broadcaster) by extension 'colcon_pkg'
[0.238s] colcon.colcon_core.package_identification Level 1 _identify(ros2_controllers/force_torque_sensor_broadcaster) by extensions ['colcon_meta']
[0.238s] colcon.colcon_core.package_identification Level 1 _identify(ros2_controllers/force_torque_sensor_broadcaster) by extension 'colcon_meta'
[0.238s] colcon.colcon_core.package_identification Level 1 _identify(ros2_controllers/force_torque_sensor_broadcaster) by extensions ['ros']
[0.238s] colcon.colcon_core.package_identification Level 1 _identify(ros2_controllers/force_torque_sensor_broadcaster) by extension 'ros'
[0.238s] colcon.colcon_core.package_identification DEBUG Package 'ros2_controllers/force_torque_sensor_broadcaster' with type 'ros.ament_cmake' and name 'force_torque_sensor_broadcaster'
[0.238s] colcon.colcon_core.package_identification Level 1 _identify(ros2_controllers/forward_command_controller) by extensions ['ignore', 'ignore_ament_install']
[0.238s] colcon.colcon_core.package_identification Level 1 _identify(ros2_controllers/forward_command_controller) by extension 'ignore'
[0.238s] colcon.colcon_core.package_identification Level 1 _identify(ros2_controllers/forward_command_controller) by extension 'ignore_ament_install'
[0.239s] colcon.colcon_core.package_identification Level 1 _identify(ros2_controllers/forward_command_controller) by extensions ['colcon_pkg']
[0.239s] colcon.colcon_core.package_identification Level 1 _identify(ros2_controllers/forward_command_controller) by extension 'colcon_pkg'
[0.239s] colcon.colcon_core.package_identification Level 1 _identify(ros2_controllers/forward_command_controller) by extensions ['colcon_meta']
[0.239s] colcon.colcon_core.package_identification Level 1 _identify(ros2_controllers/forward_command_controller) by extension 'colcon_meta'
[0.239s] colcon.colcon_core.package_identification Level 1 _identify(ros2_controllers/forward_command_controller) by extensions ['ros']
[0.239s] colcon.colcon_core.package_identification Level 1 _identify(ros2_controllers/forward_command_controller) by extension 'ros'
[0.239s] colcon.colcon_core.package_identification DEBUG Package 'ros2_controllers/forward_command_controller' with type 'ros.ament_cmake' and name 'forward_command_controller'
[0.239s] colcon.colcon_core.package_identification Level 1 _identify(ros2_controllers/gripper_controllers) by extensions ['ignore', 'ignore_ament_install']
[0.239s] colcon.colcon_core.package_identification Level 1 _identify(ros2_controllers/gripper_controllers) by extension 'ignore'
[0.239s] colcon.colcon_core.package_identification Level 1 _identify(ros2_controllers/gripper_controllers) by extension 'ignore_ament_install'
[0.239s] colcon.colcon_core.package_identification Level 1 _identify(ros2_controllers/gripper_controllers) by extensions ['colcon_pkg']
[0.239s] colcon.colcon_core.package_identification Level 1 _identify(ros2_controllers/gripper_controllers) by extension 'colcon_pkg'
[0.239s] colcon.colcon_core.package_identification Level 1 _identify(ros2_controllers/gripper_controllers) by extensions ['colcon_meta']
[0.239s] colcon.colcon_core.package_identification Level 1 _identify(ros2_controllers/gripper_controllers) by extension 'colcon_meta'
[0.240s] colcon.colcon_core.package_identification Level 1 _identify(ros2_controllers/gripper_controllers) by extensions ['ros']
[0.240s] colcon.colcon_core.package_identification Level 1 _identify(ros2_controllers/gripper_controllers) by extension 'ros'
[0.240s] colcon.colcon_core.package_identification DEBUG Package 'ros2_controllers/gripper_controllers' with type 'ros.ament_cmake' and name 'gripper_controllers'
[0.240s] colcon.colcon_core.package_identification Level 1 _identify(ros2_controllers/imu_sensor_broadcaster) by extensions ['ignore', 'ignore_ament_install']
[0.240s] colcon.colcon_core.package_identification Level 1 _identify(ros2_controllers/imu_sensor_broadcaster) by extension 'ignore'
[0.240s] colcon.colcon_core.package_identification Level 1 _identify(ros2_controllers/imu_sensor_broadcaster) by extension 'ignore_ament_install'
[0.240s] colcon.colcon_core.package_identification Level 1 _identify(ros2_controllers/imu_sensor_broadcaster) by extensions ['colcon_pkg']
[0.240s] colcon.colcon_core.package_identification Level 1 _identify(ros2_controllers/imu_sensor_broadcaster) by extension 'colcon_pkg'
[0.241s] colcon.colcon_core.package_identification Level 1 _identify(ros2_controllers/imu_sensor_broadcaster) by extensions ['colcon_meta']
[0.241s] colcon.colcon_core.package_identification Level 1 _identify(ros2_controllers/imu_sensor_broadcaster) by extension 'colcon_meta'
[0.241s] colcon.colcon_core.package_identification Level 1 _identify(ros2_controllers/imu_sensor_broadcaster) by extensions ['ros']
[0.241s] colcon.colcon_core.package_identification Level 1 _identify(ros2_controllers/imu_sensor_broadcaster) by extension 'ros'
[0.241s] colcon.colcon_core.package_identification DEBUG Package 'ros2_controllers/imu_sensor_broadcaster' with type 'ros.ament_cmake' and name 'imu_sensor_broadcaster'
[0.241s] colcon.colcon_core.package_identification Level 1 _identify(ros2_controllers/joint_state_broadcaster) by extensions ['ignore', 'ignore_ament_install']
[0.241s] colcon.colcon_core.package_identification Level 1 _identify(ros2_controllers/joint_state_broadcaster) by extension 'ignore'
[0.241s] colcon.colcon_core.package_identification Level 1 _identify(ros2_controllers/joint_state_broadcaster) by extension 'ignore_ament_install'
[0.241s] colcon.colcon_core.package_identification Level 1 _identify(ros2_controllers/joint_state_broadcaster) by extensions ['colcon_pkg']
[0.241s] colcon.colcon_core.package_identification Level 1 _identify(ros2_controllers/joint_state_broadcaster) by extension 'colcon_pkg'
[0.241s] colcon.colcon_core.package_identification Level 1 _identify(ros2_controllers/joint_state_broadcaster) by extensions ['colcon_meta']
[0.241s] colcon.colcon_core.package_identification Level 1 _identify(ros2_controllers/joint_state_broadcaster) by extension 'colcon_meta'
[0.242s] colcon.colcon_core.package_identification Level 1 _identify(ros2_controllers/joint_state_broadcaster) by extensions ['ros']
[0.242s] colcon.colcon_core.package_identification Level 1 _identify(ros2_controllers/joint_state_broadcaster) by extension 'ros'
[0.242s] colcon.colcon_core.package_identification DEBUG Package 'ros2_controllers/joint_state_broadcaster' with type 'ros.ament_cmake' and name 'joint_state_broadcaster'
[0.242s] colcon.colcon_core.package_identification Level 1 _identify(ros2_controllers/joint_state_controller) by extensions ['ignore', 'ignore_ament_install']
[0.242s] colcon.colcon_core.package_identification Level 1 _identify(ros2_controllers/joint_state_controller) by extension 'ignore'
[0.242s] colcon.colcon_core.package_identification Level 1 _identify(ros2_controllers/joint_state_controller) by extension 'ignore_ament_install'
[0.242s] colcon.colcon_core.package_identification Level 1 _identify(ros2_controllers/joint_state_controller) by extensions ['colcon_pkg']
[0.242s] colcon.colcon_core.package_identification Level 1 _identify(ros2_controllers/joint_state_controller) by extension 'colcon_pkg'
[0.242s] colcon.colcon_core.package_identification Level 1 _identify(ros2_controllers/joint_state_controller) by extensions ['colcon_meta']
[0.242s] colcon.colcon_core.package_identification Level 1 _identify(ros2_controllers/joint_state_controller) by extension 'colcon_meta'
[0.242s] colcon.colcon_core.package_identification Level 1 _identify(ros2_controllers/joint_state_controller) by extensions ['ros']
[0.242s] colcon.colcon_core.package_identification Level 1 _identify(ros2_controllers/joint_state_controller) by extension 'ros'
[0.243s] colcon.colcon_core.package_identification DEBUG Package 'ros2_controllers/joint_state_controller' with type 'ros.ament_cmake' and name 'joint_state_controller'
[0.243s] colcon.colcon_core.package_identification Level 1 _identify(ros2_controllers/joint_trajectory_controller) by extensions ['ignore', 'ignore_ament_install']
[0.243s] colcon.colcon_core.package_identification Level 1 _identify(ros2_controllers/joint_trajectory_controller) by extension 'ignore'
[0.243s] colcon.colcon_core.package_identification Level 1 _identify(ros2_controllers/joint_trajectory_controller) by extension 'ignore_ament_install'
[0.243s] colcon.colcon_core.package_identification Level 1 _identify(ros2_controllers/joint_trajectory_controller) by extensions ['colcon_pkg']
[0.243s] colcon.colcon_core.package_identification Level 1 _identify(ros2_controllers/joint_trajectory_controller) by extension 'colcon_pkg'
[0.243s] colcon.colcon_core.package_identification Level 1 _identify(ros2_controllers/joint_trajectory_controller) by extensions ['colcon_meta']
[0.243s] colcon.colcon_core.package_identification Level 1 _identify(ros2_controllers/joint_trajectory_controller) by extension 'colcon_meta'
[0.243s] colcon.colcon_core.package_identification Level 1 _identify(ros2_controllers/joint_trajectory_controller) by extensions ['ros']
[0.243s] colcon.colcon_core.package_identification Level 1 _identify(ros2_controllers/joint_trajectory_controller) by extension 'ros'
[0.244s] colcon.colcon_core.package_identification DEBUG Package 'ros2_controllers/joint_trajectory_controller' with type 'ros.ament_cmake' and name 'joint_trajectory_controller'
[0.244s] colcon.colcon_core.package_identification Level 1 _identify(ros2_controllers/position_controllers) by extensions ['ignore', 'ignore_ament_install']
[0.244s] colcon.colcon_core.package_identification Level 1 _identify(ros2_controllers/position_controllers) by extension 'ignore'
[0.244s] colcon.colcon_core.package_identification Level 1 _identify(ros2_controllers/position_controllers) by extension 'ignore_ament_install'
[0.244s] colcon.colcon_core.package_identification Level 1 _identify(ros2_controllers/position_controllers) by extensions ['colcon_pkg']
[0.244s] colcon.colcon_core.package_identification Level 1 _identify(ros2_controllers/position_controllers) by extension 'colcon_pkg'
[0.244s] colcon.colcon_core.package_identification Level 1 _identify(ros2_controllers/position_controllers) by extensions ['colcon_meta']
[0.244s] colcon.colcon_core.package_identification Level 1 _identify(ros2_controllers/position_controllers) by extension 'colcon_meta'
[0.244s] colcon.colcon_core.package_identification Level 1 _identify(ros2_controllers/position_controllers) by extensions ['ros']
[0.244s] colcon.colcon_core.package_identification Level 1 _identify(ros2_controllers/position_controllers) by extension 'ros'
[0.245s] colcon.colcon_core.package_identification DEBUG Package 'ros2_controllers/position_controllers' with type 'ros.ament_cmake' and name 'position_controllers'
[0.245s] colcon.colcon_core.package_identification Level 1 _identify(ros2_controllers/ros2_controllers) by extensions ['ignore', 'ignore_ament_install']
[0.245s] colcon.colcon_core.package_identification Level 1 _identify(ros2_controllers/ros2_controllers) by extension 'ignore'
[0.245s] colcon.colcon_core.package_identification Level 1 _identify(ros2_controllers/ros2_controllers) by extension 'ignore_ament_install'
[0.245s] colcon.colcon_core.package_identification Level 1 _identify(ros2_controllers/ros2_controllers) by extensions ['colcon_pkg']
[0.245s] colcon.colcon_core.package_identification Level 1 _identify(ros2_controllers/ros2_controllers) by extension 'colcon_pkg'
[0.245s] colcon.colcon_core.package_identification Level 1 _identify(ros2_controllers/ros2_controllers) by extensions ['colcon_meta']
[0.245s] colcon.colcon_core.package_identification Level 1 _identify(ros2_controllers/ros2_controllers) by extension 'colcon_meta'
[0.245s] colcon.colcon_core.package_identification Level 1 _identify(ros2_controllers/ros2_controllers) by extensions ['ros']
[0.245s] colcon.colcon_core.package_identification Level 1 _identify(ros2_controllers/ros2_controllers) by extension 'ros'
[0.246s] colcon.colcon_core.package_identification DEBUG Package 'ros2_controllers/ros2_controllers' with type 'ros.ament_cmake' and name 'ros2_controllers'
[0.246s] colcon.colcon_core.package_identification Level 1 _identify(ros2_controllers/velocity_controllers) by extensions ['ignore', 'ignore_ament_install']
[0.246s] colcon.colcon_core.package_identification Level 1 _identify(ros2_controllers/velocity_controllers) by extension 'ignore'
[0.246s] colcon.colcon_core.package_identification Level 1 _identify(ros2_controllers/velocity_controllers) by extension 'ignore_ament_install'
[0.246s] colcon.colcon_core.package_identification Level 1 _identify(ros2_controllers/velocity_controllers) by extensions ['colcon_pkg']
[0.246s] colcon.colcon_core.package_identification Level 1 _identify(ros2_controllers/velocity_controllers) by extension 'colcon_pkg'
[0.246s] colcon.colcon_core.package_identification Level 1 _identify(ros2_controllers/velocity_controllers) by extensions ['colcon_meta']
[0.246s] colcon.colcon_core.package_identification Level 1 _identify(ros2_controllers/velocity_controllers) by extension 'colcon_meta'
[0.246s] colcon.colcon_core.package_identification Level 1 _identify(ros2_controllers/velocity_controllers) by extensions ['ros']
[0.246s] colcon.colcon_core.package_identification Level 1 _identify(ros2_controllers/velocity_controllers) by extension 'ros'
[0.246s] colcon.colcon_core.package_identification DEBUG Package 'ros2_controllers/velocity_controllers' with type 'ros.ament_cmake' and name 'velocity_controllers'
[0.246s] colcon.colcon_core.package_discovery Level 1 discover_packages(recursive) using defaults
[0.246s] colcon.colcon_core.package_discovery Level 1 discover_packages(ignore) discover
[0.246s] colcon.colcon_core.package_discovery Level 1 discover_packages(ignore) using defaults
[0.246s] colcon.colcon_core.package_discovery Level 1 discover_packages(path) discover
[0.246s] colcon.colcon_core.package_discovery Level 1 discover_packages(path) using defaults
